c:\gitprojects\course-bid\shenkar_coursebidsystem\coursebid_registrationterminal\debug\vc120.pdb
c:\gitprojects\course-bid\shenkar_coursebidsystem\coursebid_registrationterminal\debug\vc120.idb
c:\gitprojects\course-bid\shenkar_coursebidsystem\coursebid_registrationterminal\debug\assignmentcalculator.obj
c:\gitprojects\course-bid\shenkar_coursebidsystem\coursebid_registrationterminal\debug\course.obj
c:\gitprojects\course-bid\shenkar_coursebidsystem\coursebid_registrationterminal\debug\student.obj
c:\gitprojects\course-bid\shenkar_coursebidsystem\coursebid_registrationterminal\debug\technician.obj
c:\gitprojects\course-bid\shenkar_coursebidsystem\coursebid_registrationterminal\debug\filestorage.obj
c:\gitprojects\course-bid\shenkar_coursebidsystem\coursebid_registrationterminal\debug\insertassignitionfilescreen.obj
c:\gitprojects\course-bid\shenkar_coursebidsystem\coursebid_registrationterminal\debug\maincpp.obj
c:\gitprojects\course-bid\shenkar_coursebidsystem\coursebid_registrationterminal\debug\pointdistributionscreen.obj
c:\gitprojects\course-bid\shenkar_coursebidsystem\coursebid_registrationterminal\debug\registrationterminal.obj
c:\gitprojects\course-bid\shenkar_coursebidsystem\coursebid_registrationterminal\debug\studentmainscreen.obj
c:\gitprojects\course-bid\shenkar_coursebidsystem\coursebid_registrationterminal\debug\technicianmainscreen.obj
c:\gitprojects\course-bid\shenkar_coursebidsystem\coursebid_registrationterminal\debug\technitianassignitionresultsscreen.obj
c:\gitprojects\course-bid\shenkar_coursebidsystem\coursebid_registrationterminal\debug\userloginscreen.obj
c:\gitprojects\course-bid\shenkar_coursebidsystem\\build\coursebid_registrationterminal.pdb
c:\gitprojects\course-bid\shenkar_coursebidsystem\coursebid_registrationterminal\debug\coursebi.03cfed1b.tlog\cl.command.1.tlog
c:\gitprojects\course-bid\shenkar_coursebidsystem\coursebid_registrationterminal\debug\coursebi.03cfed1b.tlog\cl.read.1.tlog
c:\gitprojects\course-bid\shenkar_coursebidsystem\coursebid_registrationterminal\debug\coursebi.03cfed1b.tlog\cl.write.1.tlog
c:\gitprojects\course-bid\shenkar_coursebidsystem\coursebid_registrationterminal\debug\coursebi.03cfed1b.tlog\link.7036-cvtres.read.1.tlog
c:\gitprojects\course-bid\shenkar_coursebidsystem\coursebid_registrationterminal\debug\coursebi.03cfed1b.tlog\link.7036-cvtres.write.1.tlog
c:\gitprojects\course-bid\shenkar_coursebidsystem\coursebid_registrationterminal\debug\coursebi.03cfed1b.tlog\link.7036-rc.read.1.tlog
c:\gitprojects\course-bid\shenkar_coursebidsystem\coursebid_registrationterminal\debug\coursebi.03cfed1b.tlog\link.7036-rc.write.1.tlog
c:\gitprojects\course-bid\shenkar_coursebidsystem\coursebid_registrationterminal\debug\coursebi.03cfed1b.tlog\link.7036.read.1.tlog
c:\gitprojects\course-bid\shenkar_coursebidsystem\coursebid_registrationterminal\debug\coursebi.03cfed1b.tlog\link.7036.write.1.tlog
c:\gitprojects\course-bid\shenkar_coursebidsystem\coursebid_registrationterminal\debug\coursebi.03cfed1b.tlog\link.command.1.tlog
c:\gitprojects\course-bid\shenkar_coursebidsystem\coursebid_registrationterminal\debug\coursebi.03cfed1b.tlog\link.read.1.tlog
c:\gitprojects\course-bid\shenkar_coursebidsystem\coursebid_registrationterminal\debug\coursebi.03cfed1b.tlog\link.write.1.tlog
