Build started 22/08/2015 11:46:32.
     1>Project "C:\GitProjects\course-bid\Shenkar_CourseBidSystem\CourseBid_RegistrationTerminal\CourseBid_RegistrationTerminal.vcxproj" on node 3 (Build target(s)).
     1>ClCompile:
         C:\Program Files (x86)\Microsoft Visual Studio 12.0\VC\bin\CL.exe /c /I"C:\GitProjects\course-bid\Shenkar_CourseBidSystem\\CourseBid_Common" /I"C:\GitProjects\course-bid\Shenkar_CourseBidSystem\\CourseBid_Storage" /I"C:\GitProjects\course-bid\Shenkar_CourseBidSystem\\CourseBid_UI" /I"C:\GitProjects\course-bid\Shenkar_CourseBidSystem\\CourseBid_Utils" /ZI /nologo /W3 /WX- /sdl /Od /Oy- /D _MBCS /Gm /EHsc /RTC1 /MDd /GS /fp:precise /Zc:wchar_t /Zc:forScope /Fo"Debug\\" /Fd"Debug\vc120.pdb" /Gd /TP /analyze- /errorReport:prompt ..\CourseBid_Common\AssignmentCalculator.cpp maincpp.cpp
         AssignmentCalculator.cpp
         Generating Code...
         Compiling...
         maincpp.cpp
         Generating Code...
       Link:
         C:\Program Files (x86)\Microsoft Visual Studio 12.0\VC\bin\link.exe /ERRORREPORT:PROMPT /OUT:"C:\GitProjects\course-bid\Shenkar_CourseBidSystem\\build\CourseBid_RegistrationTerminal.exe" /INCREMENTAL /NOLOGO kernel32.lib user32.lib gdi32.lib winspool.lib comdlg32.lib advapi32.lib shell32.lib ole32.lib oleaut32.lib uuid.lib odbc32.lib odbccp32.lib /MANIFEST /MANIFESTUAC:"level='asInvoker' uiAccess='false'" /manifest:embed /DEBUG /PDB:"C:\GitProjects\course-bid\Shenkar_CourseBidSystem\\build\CourseBid_RegistrationTerminal.pdb" /TLBID:1 /DYNAMICBASE /NXCOMPAT /IMPLIB:"C:\GitProjects\course-bid\Shenkar_CourseBidSystem\\build\CourseBid_RegistrationTerminal.lib" /MACHINE:X86 Debug\AssignmentCalculator.obj
         Debug\Course.obj
         Debug\Student.obj
         Debug\Technician.obj
         Debug\FileStorage.obj
         Debug\InsertAssignitionFileScreen.obj
         Debug\maincpp.obj
         Debug\PointDistributionScreen.obj
         Debug\RegistrationTerminal.obj
         Debug\StudentMainScreen.obj
         Debug\TechnicianMainScreen.obj
         Debug\TechnitianAssignitionResultsScreen.obj
         Debug\UserLoginScreen.obj
         CourseBid_RegistrationTerminal.vcxproj -> C:\GitProjects\course-bid\Shenkar_CourseBidSystem\\build\CourseBid_RegistrationTerminal.exe
     1>Done Building Project "C:\GitProjects\course-bid\Shenkar_CourseBidSystem\CourseBid_RegistrationTerminal\CourseBid_RegistrationTerminal.vcxproj" (Build target(s)).

Build succeeded.

Time Elapsed 00:00:04.22
