15:6:31 DEBUG	[save]	Creating course record to save in DB for [100] [English].
15:6:31 DEBUG	[save]	Saving course record to save in DB for [100] [English].
15:6:31 DEBUG	[save]	Saving prerequisite courses - recursive call to [save].
15:6:31 DEBUG	[save]	Finished saving courses to DB.
16:40:47 DEBUG	[save]	Creating course record to save in DB for [100] [English].
16:40:47 DEBUG	[save]	Saving course record to save in DB for [100] [English].
16:40:47 DEBUG	[save]	Saving prerequisite courses - recursive call to [save].
16:40:47 DEBUG	[save]	Finished saving courses to DB.
16:50:9 DEBUG	[save]	Creating course record to save in DB for [100] [English].
16:50:9 DEBUG	[save]	Saving course record to save in DB for [100] [English].
16:50:9 DEBUG	[save]	Saving prerequisite courses - recursive call to [save].
16:50:9 DEBUG	[save]	Finished saving courses to DB.
16:51:16 DEBUG	[getById]	Trying to get course by id [0].
16:51:16 ERROR!	[getById]	No course found by id: [0].
16:52:36 DEBUG	[save]	Creating course record to save in DB for [100] [English].
16:52:36 DEBUG	[save]	Saving course record to save in DB for [100] [English].
16:52:36 DEBUG	[save]	Saving prerequisite courses - recursive call to [save].
16:52:36 DEBUG	[save]	Finished saving courses to DB.
16:52:52 DEBUG	[getById]	Trying to get course by id [0].
16:52:52 ERROR!	[getById]	No course found by id: [0].
16:54:11 DEBUG	[save]	Creating course record to save in DB for [100] [English].
16:54:11 DEBUG	[save]	Saving course record to save in DB for [100] [English].
16:54:11 DEBUG	[save]	Saving prerequisite courses - recursive call to [save].
16:54:11 DEBUG	[save]	Finished saving courses to DB.
16:59:10 DEBUG	[getById]	Trying to get course by id [0].
17:1:0 DEBUG	[save]	Creating course record to save in DB for [100] [English].
17:1:0 DEBUG	[save]	Saving course record to save in DB for [100] [English].
17:1:0 DEBUG	[save]	Saving prerequisite courses - recursive call to [save].
17:1:0 DEBUG	[save]	Finished saving courses to DB.
17:1:20 DEBUG	[getById]	Trying to get course by id [0].
17:1:20 ERROR!	[getById]	No course found by id: [0].
17:3:37 DEBUG	[save]	Creating course record to save in DB for [100] [English].
17:3:37 DEBUG	[save]	Saving course record to save in DB for [100] [English].
17:3:37 DEBUG	[save]	Saving prerequisite courses - recursive call to [save].
17:3:37 DEBUG	[save]	Finished saving courses to DB.
17:7:20 DEBUG	[getById]	Trying to get course by id [0].
17:7:20 ERROR!	[getById]	No course found by id: [0].
17:7:34 DEBUG	[save]	Creating course record to save in DB for [100] [English].
17:7:34 DEBUG	[save]	Saving course record to save in DB for [100] [English].
17:7:34 DEBUG	[save]	Saving prerequisite courses - recursive call to [save].
17:7:34 DEBUG	[save]	Finished saving courses to DB.
17:7:51 DEBUG	[getByCourseId]	Trying to get course by course id [0].
17:7:51 DEBUG	[Course]	Initialized course [100] [English].
17:7:51 DEBUG	[getByCourseId]	Course received by course id: [0].
17:15:16 DEBUG	[getAll]	Getting list of all courses from DB.
17:15:16 DEBUG	[Course]	Initialized course [1] [Algebra].
17:15:16 DEBUG	[getAll]		Received course [1] [Algebra] from DB.
17:15:16 DEBUG	[Course]	Initialized course [3] [Hedva2].
17:15:16 DEBUG	[getAll]		Received course [3] [Hedva2] from DB.
17:15:16 DEBUG	[Course]	Initialized course [2] [Hedva22].
17:15:16 DEBUG	[Course]		Subcourse [1] initialization:
17:15:16 DEBUG	[getById]	Trying to get course by id [1].
17:15:16 DEBUG	[Course]	Initialized course [1] [Algebra].
17:15:16 DEBUG	[getById]	Course received by id: [1].
17:15:16 DEBUG	[getAll]		Received course [2] [Hedva22] from DB.
17:15:16 DEBUG	[Course]	Initialized course [100] [English].
17:15:16 DEBUG	[getAll]		Received course [100] [English] from DB.
17:15:16 DEBUG	[getAll]	Finished getting list of all courses from DB.
17:17:30 DEBUG	[getAll]	Getting list of all courses from DB.
17:17:30 DEBUG	[Course]	Initialized course [1] [Algebra].
17:17:30 DEBUG	[getAll]		Received course [1] [Algebra] from DB.
17:17:30 DEBUG	[Course]	Initialized course [3] [Hedva2].
17:17:30 DEBUG	[getAll]		Received course [3] [Hedva2] from DB.
17:17:30 DEBUG	[Course]	Initialized course [2] [Hedva22].
17:17:30 DEBUG	[Course]		Subcourse [1] initialization:
17:17:30 DEBUG	[getById]	Trying to get course by id [1].
17:17:30 DEBUG	[Course]	Initialized course [1] [Algebra].
17:17:30 DEBUG	[getById]	Course received by id: [1].
17:17:30 DEBUG	[getAll]		Received course [2] [Hedva22] from DB.
17:17:30 DEBUG	[Course]	Initialized course [100] [English].
17:17:30 DEBUG	[getAll]		Received course [100] [English] from DB.
17:17:30 DEBUG	[getAll]	Finished getting list of all courses from DB.
17:18:12 DEBUG	[getAll]	Getting list of all courses from DB.
17:18:12 DEBUG	[Course]	Initialized course [1] [Algebra].
17:18:12 DEBUG	[getAll]		Received course [1] [Algebra] from DB.
17:18:12 DEBUG	[Course]	Initialized course [3] [Hedva2].
17:18:12 DEBUG	[getAll]		Received course [3] [Hedva2] from DB.
17:18:12 DEBUG	[Course]	Initialized course [2] [Hedva22].
17:18:12 DEBUG	[Course]		Subcourse [1] initialization:
17:18:12 DEBUG	[getById]	Trying to get course by id [1].
17:18:12 DEBUG	[Course]	Initialized course [1] [Algebra].
17:18:12 DEBUG	[getById]	Course received by id: [1].
17:18:12 DEBUG	[getAll]		Received course [2] [Hedva22] from DB.
17:18:12 DEBUG	[Course]	Initialized course [100] [English].
17:18:12 DEBUG	[getAll]		Received course [100] [English] from DB.
17:18:12 DEBUG	[getAll]	Finished getting list of all courses from DB.
17:18:16 DEBUG	[getByCourseId]	Trying to get course by course id [0].
17:18:16 DEBUG	[Course]	Initialized course [100] [English].
17:18:16 DEBUG	[getByCourseId]	Course received by course id: [0].
17:18:28 DEBUG	[getAll]	Getting list of all courses from DB.
17:18:28 DEBUG	[Course]	Initialized course [1] [Algebra].
17:18:28 DEBUG	[getAll]		Received course [1] [Algebra] from DB.
17:18:28 DEBUG	[Course]	Initialized course [3] [Hedva2].
17:18:28 DEBUG	[getAll]		Received course [3] [Hedva2] from DB.
17:18:28 DEBUG	[Course]	Initialized course [2] [Hedva22].
17:18:28 DEBUG	[Course]		Subcourse [1] initialization:
17:18:28 DEBUG	[getById]	Trying to get course by id [1].
17:18:28 DEBUG	[Course]	Initialized course [1] [Algebra].
17:18:28 DEBUG	[getById]	Course received by id: [1].
17:18:28 DEBUG	[getAll]		Received course [2] [Hedva22] from DB.
17:18:28 DEBUG	[Course]	Initialized course [100] [English].
17:18:28 DEBUG	[getAll]		Received course [100] [English] from DB.
17:18:28 DEBUG	[getAll]	Finished getting list of all courses from DB.
17:18:30 DEBUG	[getByCourseId]	Trying to get course by course id [0].
17:18:30 DEBUG	[Course]	Initialized course [100] [English].
17:18:30 DEBUG	[getByCourseId]	Course received by course id: [0].
15:20:33 DEBUG	[getAll]	Getting list of all courses from DB.
15:20:33 DEBUG	[Course]	Initialized course [1] [Algebra].
15:20:33 DEBUG	[getAll]		Received course [1] [Algebra] from DB.
15:20:33 DEBUG	[Course]	Initialized course [3] [Hedva2].
15:20:33 DEBUG	[getAll]		Received course [3] [Hedva2] from DB.
15:20:33 DEBUG	[Course]	Initialized course [2] [Hedva22].
15:20:33 DEBUG	[Course]		Subcourse [1] initialization:
15:20:33 DEBUG	[getById]	Trying to get course by id [1].
15:20:33 DEBUG	[Course]	Initialized course [1] [Algebra].
15:20:33 DEBUG	[getById]	Course received by id: [1].
15:20:33 DEBUG	[getAll]		Received course [2] [Hedva22] from DB.
15:20:33 DEBUG	[Course]	Initialized course [100] [English].
15:20:33 DEBUG	[getAll]		Received course [100] [English] from DB.
15:20:33 DEBUG	[getAll]	Finished getting list of all courses from DB.
15:20:39 DEBUG	[getByCourseId]	Trying to get course by course id [0].
15:20:39 DEBUG	[Course]	Initialized course [100] [English].
15:20:39 DEBUG	[getByCourseId]	Course received by course id: [0].
15:43:50 DEBUG	[getByCourseId]	Trying to get course by course id [0].
15:43:50 DEBUG	[Course]	Initialized course [100] [English].
15:43:50 DEBUG	[getByCourseId]	Course received by course id: [0].
15:44:20 DEBUG	[getByCourseId]	Trying to get course by course id [0].
15:44:20 DEBUG	[Course]	Initialized course [100] [English].
15:44:20 DEBUG	[getByCourseId]	Course received by course id: [0].
15:45:15 DEBUG	[getByCourseId]	Trying to get course by course id [0].
15:45:15 DEBUG	[Course]	Initialized course [100] [English].
15:45:15 DEBUG	[getByCourseId]	Course received by course id: [0].
15:48:19 DEBUG	[getByCourseId]	Trying to get course by course id [0].
15:48:19 DEBUG	[Course]	Initialized course [100] [English].
15:48:19 DEBUG	[getByCourseId]	Course received by course id: [0].
15:49:4 DEBUG	[getByCourseId]	Trying to get course by course id [0].
15:49:4 DEBUG	[Course]	Initialized course [100] [English].
15:49:4 DEBUG	[getByCourseId]	Course received by course id: [0].
15:51:41 DEBUG	[getByCourseId]	Trying to get course by course id [0].
15:51:42 DEBUG	[Course]	Initialized course [100] [English].
15:51:42 DEBUG	[getByCourseId]	Course received by course id: [0].
15:51:59 DEBUG	[getByCourseId]	Trying to get course by course id [0].
15:51:59 DEBUG	[Course]	Initialized course [100] [English].
15:51:59 DEBUG	[getByCourseId]	Course received by course id: [0].
15:52:23 DEBUG	[getByCourseId]	Trying to get course by course id [0].
15:52:23 DEBUG	[Course]	Initialized course [100] [English].
15:52:23 DEBUG	[getByCourseId]	Course received by course id: [0].
15:53:33 DEBUG	[getByCourseId]	Trying to get course by course id [0].
15:53:33 DEBUG	[Course]	Initialized course [100] [English].
15:53:33 DEBUG	[getByCourseId]	Course received by course id: [0].
15:55:10 DEBUG	[getByCourseId]	Trying to get course by course id [0].
15:55:10 DEBUG	[Course]	Initialized course [100] [English].
15:55:10 DEBUG	[getByCourseId]	Course received by course id: [0].
15:55:44 DEBUG	[getByCourseId]	Trying to get course by course id [0].
15:55:44 DEBUG	[Course]	Initialized course [100] [English].
15:55:44 DEBUG	[getByCourseId]	Course received by course id: [0].
15:56:32 DEBUG	[getByCourseId]	Trying to get course by course id [0].
15:56:32 DEBUG	[Course]	Initialized course [100] [English].
15:56:32 DEBUG	[getByCourseId]	Course received by course id: [0].
15:58:28 DEBUG	[getByCourseId]	Trying to get course by course id [0].
15:58:28 DEBUG	[Course]	Initialized course [100] [English].
15:58:28 DEBUG	[getByCourseId]	Course received by course id: [0].
15:59:49 DEBUG	[getByCourseId]	Trying to get course by course id [0].
15:59:49 DEBUG	[Course]	Initialized course [100] [English].
15:59:49 DEBUG	[getByCourseId]	Course received by course id: [0].
16:1:9 DEBUG	[getByCourseId]	Trying to get course by course id [0].
16:1:9 DEBUG	[Course]	Initialized course [100] [English].
16:1:9 DEBUG	[getByCourseId]	Course received by course id: [0].
16:1:59 DEBUG	[getByCourseId]	Trying to get course by course id [0].
16:1:59 DEBUG	[Course]	Initialized course [100] [English].
16:1:59 DEBUG	[getByCourseId]	Course received by course id: [0].
16:3:25 DEBUG	[getByCourseId]	Trying to get course by course id [0].
16:3:26 DEBUG	[Course]	Initialized course [100] [English].
16:3:26 DEBUG	[getByCourseId]	Course received by course id: [0].
16:5:27 DEBUG	[getByCourseId]	Trying to get course by course id [0].
16:5:27 DEBUG	[Course]	Initialized course [100] [English].
16:5:27 DEBUG	[getByCourseId]	Course received by course id: [0].
16:5:27 DEBUG	[delete]	Student deleted. Changes saved to DB
