15:6:14 DEBUG	[FileStorage]	Storage exists. Loading from file...
15:6:14 DEBUG	[FileStorage]	Storage loaded to memory.
15:6:14 DEBUG	[FileStorage]	Storage exists. Loading from file...
15:6:14 DEBUG	[FileStorage]	Storage loaded to memory.
15:6:31 DEBUG	[save]	Saving DB!
15:6:31 DEBUG	[save]	Saving record: [<idobj><serial="2"><id="12311"><userId="0"><firstName="John"><lastName="The I"><email="john@gmail.com"><password="password@1"><isLocked="1"><completedCourses><\completedCourses><completedCourses><\completedCourses><desiredCourses><id="0"><\desiredCourses><desiredPoints><\desiredPoints><points="102"><\idobj>]
15:6:31 DEBUG	[save]	New record id [12311] and serial [2]
15:6:31 DEBUG	[save]	New record added.
15:6:31 DEBUG	[save]	Saving memory to file [..\db.xml]...
15:6:31 DEBUG	[save]	Memory saved to file [..\db.xml].
15:6:31 DEBUG	[save]	Saving DB!
15:6:31 DEBUG	[save]	Saving record: [<idobj><serial="1"><id="100"><courseId="0"><name="English"><description=""><teachingHours=""><maxStudents="0"><prerequisiteCourses><\prerequisiteCourses><\idobj>]
15:6:31 DEBUG	[save]	New record id [100] and serial [1]
15:6:31 DEBUG	[save]	Record already exists [<idobj><serial="1"><id="100"><courseId="0"><name="English"><description=""><teachingHours=""><maxStudents="0"><prerequisiteCourses><\prerequisiteCourses><\idobj>]
15:6:31 DEBUG	[save]	Old record removed.
15:6:31 DEBUG	[save]	New record added.
15:6:31 DEBUG	[save]	Saving memory to file [..\db.xml]...
15:6:31 DEBUG	[save]	Memory saved to file [..\db.xml].
16:40:47 DEBUG	[FileStorage]	Storage exists. Loading from file...
16:40:47 DEBUG	[FileStorage]	Storage exists. Loading from file...
16:40:47 DEBUG	[FileStorage]	Storage loaded to memory.
16:40:47 DEBUG	[FileStorage]	Storage loaded to memory.
16:40:47 DEBUG	[save]	Saving DB!
16:40:47 DEBUG	[save]	Saving record: [<idobj><serial="2"><id="12311"><userId="0"><firstName="John"><lastName="The I"><email="john@gmail.com"><password="password@1"><isLocked="1"><completedCourses><\completedCourses><completedCourses><\completedCourses><desiredCourses><id="0"><\desiredCourses><desiredPoints><\desiredPoints><points="102"><\idobj>]
16:40:47 DEBUG	[save]	New record id [12311] and serial [2]
16:40:47 DEBUG	[save]	Record already exists [<idobj><serial="2"><id="12311"><userId="0"><firstName="John"><lastName="The I"><email="john@gmail.com"><password="password@1"><isLocked="1"><completedCourses><\completedCourses><completedCourses><\completedCourses><desiredCourses><id="0"><\desiredCourses><desiredPoints><\desiredPoints><points="102"><\idobj>]
16:40:47 DEBUG	[save]	Old record removed.
16:40:47 DEBUG	[save]	New record added.
16:40:47 DEBUG	[save]	Saving memory to file [..\db.xml]...
16:40:47 DEBUG	[save]	Memory saved to file [..\db.xml].
16:40:47 DEBUG	[save]	Saving DB!
16:40:47 DEBUG	[save]	Saving record: [<idobj><serial="1"><id="100"><courseId="0"><name="English"><description=""><teachingHours=""><maxStudents="0"><prerequisiteCourses><\prerequisiteCourses><\idobj>]
16:40:47 DEBUG	[save]	New record id [100] and serial [1]
16:40:47 DEBUG	[save]	Record already exists [<idobj><serial="1"><id="100"><courseId="0"><name="English"><description=""><teachingHours=""><maxStudents="0"><prerequisiteCourses><\prerequisiteCourses><\idobj>]
16:40:47 DEBUG	[save]	Old record removed.
16:40:47 DEBUG	[save]	New record added.
16:40:47 DEBUG	[save]	Saving memory to file [..\db.xml]...
16:40:47 DEBUG	[save]	Memory saved to file [..\db.xml].
16:40:56 DEBUG	[FileStorage]	Storage exists. Loading from file...
16:40:56 DEBUG	[FileStorage]	Storage loaded to memory.
16:41:7 DEBUG	[FileStorage]	Storage exists. Loading from file...
16:41:7 DEBUG	[FileStorage]	Storage loaded to memory.
16:42:19 DEBUG	[FileStorage]	Storage exists. Loading from file...
16:42:19 DEBUG	[FileStorage]	Storage loaded to memory.
16:42:19 DEBUG	[FileStorage]	Storage exists. Loading from file...
16:42:19 DEBUG	[FileStorage]	Storage loaded to memory.
16:50:9 DEBUG	[FileStorage]	Storage exists. Loading from file...
16:50:9 DEBUG	[FileStorage]	Storage loaded to memory.
16:50:9 DEBUG	[FileStorage]	Storage exists. Loading from file...
16:50:9 DEBUG	[FileStorage]	Storage loaded to memory.
16:50:9 DEBUG	[save]	Saving DB!
16:50:9 DEBUG	[save]	Saving record: [<idobj><serial="2"><id="12311"><userId="0"><firstName="John"><lastName="The I"><email="john@gmail.com"><password="password@1"><isLocked="1"><completedCourses><\completedCourses><completedCourses><\completedCourses><desiredCourses><id="0"><\desiredCourses><desiredPoints><\desiredPoints><points="102"><\idobj>]
16:50:9 DEBUG	[save]	New record id [12311] and serial [2]
16:50:9 DEBUG	[save]	Record already exists [<idobj><serial="2"><id="12311"><userId="0"><firstName="John"><lastName="The I"><email="john@gmail.com"><password="password@1"><isLocked="1"><completedCourses><\completedCourses><completedCourses><\completedCourses><desiredCourses><id="0"><\desiredCourses><desiredPoints><\desiredPoints><points="102"><\idobj>]
16:50:9 DEBUG	[save]	Old record removed.
16:50:9 DEBUG	[save]	New record added.
16:50:9 DEBUG	[save]	Saving memory to file [..\db.xml]...
16:50:9 DEBUG	[save]	Memory saved to file [..\db.xml].
16:50:9 DEBUG	[save]	Saving DB!
16:50:9 DEBUG	[save]	Saving record: [<idobj><serial="1"><id="100"><courseId="0"><name="English"><description=""><teachingHours=""><maxStudents="0"><prerequisiteCourses><\prerequisiteCourses><\idobj>]
16:50:9 DEBUG	[save]	New record id [100] and serial [1]
16:50:9 DEBUG	[save]	Record already exists [<idobj><serial="1"><id="100"><courseId="0"><name="English"><description=""><teachingHours=""><maxStudents="0"><prerequisiteCourses><\prerequisiteCourses><\idobj>]
16:50:9 DEBUG	[save]	Old record removed.
16:50:9 DEBUG	[save]	New record added.
16:50:9 DEBUG	[save]	Saving memory to file [..\db.xml]...
16:50:9 DEBUG	[save]	Memory saved to file [..\db.xml].
16:50:9 DEBUG	[getAll]	Getting all objects by serial [2].
16:50:9 DEBUG	[getAll]	Number of objects by serial [2] is [1]
16:51:16 DEBUG	[getAll]	Getting all objects by serial [1].
16:51:16 DEBUG	[getAll]	Number of objects by serial [1] is [4]
16:52:36 DEBUG	[FileStorage]	Storage exists. Loading from file...
16:52:36 DEBUG	[FileStorage]	Storage loaded to memory.
16:52:36 DEBUG	[FileStorage]	Storage exists. Loading from file...
16:52:36 DEBUG	[FileStorage]	Storage loaded to memory.
16:52:36 DEBUG	[save]	Saving DB!
16:52:36 DEBUG	[save]	Saving record: [<idobj><serial="2"><id="12311"><userId="0"><firstName="John"><lastName="The I"><email="john@gmail.com"><password="password@1"><isLocked="1"><completedCourses><\completedCourses><completedCourses><\completedCourses><desiredCourses><id="0"><\desiredCourses><desiredPoints><\desiredPoints><points="102"><\idobj>]
16:52:36 DEBUG	[save]	New record id [12311] and serial [2]
16:52:36 DEBUG	[save]	Record already exists [<idobj><serial="2"><id="12311"><userId="0"><firstName="John"><lastName="The I"><email="john@gmail.com"><password="password@1"><isLocked="1"><completedCourses><\completedCourses><completedCourses><\completedCourses><desiredCourses><id="100"><\desiredCourses><desiredPoints><\desiredPoints><points="102"><\idobj>]
16:52:36 DEBUG	[save]	Old record removed.
16:52:36 DEBUG	[save]	New record added.
16:52:36 DEBUG	[save]	Saving memory to file [..\db.xml]...
16:52:36 DEBUG	[save]	Memory saved to file [..\db.xml].
16:52:36 DEBUG	[save]	Saving DB!
16:52:36 DEBUG	[save]	Saving record: [<idobj><serial="1"><id="100"><courseId="0"><name="English"><description=""><teachingHours=""><maxStudents="0"><prerequisiteCourses><\prerequisiteCourses><\idobj>]
16:52:36 DEBUG	[save]	New record id [100] and serial [1]
16:52:36 DEBUG	[save]	Record already exists [<idobj><serial="1"><id="100"><courseId="0"><name="English"><description=""><teachingHours=""><maxStudents="0"><prerequisiteCourses><\prerequisiteCourses><\idobj>]
16:52:36 DEBUG	[save]	Old record removed.
16:52:36 DEBUG	[save]	New record added.
16:52:36 DEBUG	[save]	Saving memory to file [..\db.xml]...
16:52:36 DEBUG	[save]	Memory saved to file [..\db.xml].
16:52:36 DEBUG	[getAll]	Getting all objects by serial [2].
16:52:36 DEBUG	[getAll]	Number of objects by serial [2] is [1]
16:52:52 DEBUG	[getAll]	Getting all objects by serial [1].
16:52:52 DEBUG	[getAll]	Number of objects by serial [1] is [4]
16:54:11 DEBUG	[FileStorage]	Storage exists. Loading from file...
16:54:11 DEBUG	[FileStorage]	Storage loaded to memory.
16:54:11 DEBUG	[FileStorage]	Storage exists. Loading from file...
16:54:11 DEBUG	[FileStorage]	Storage loaded to memory.
16:54:11 DEBUG	[save]	Saving DB!
16:54:11 DEBUG	[save]	Saving record: [<idobj><serial="2"><id="12311"><userId="0"><firstName="John"><lastName="The I"><email="john@gmail.com"><password="password@1"><isLocked="1"><completedCourses><\completedCourses><completedCourses><\completedCourses><desiredCourses><id="0"><\desiredCourses><desiredPoints><\desiredPoints><points="102"><\idobj>]
16:54:11 DEBUG	[save]	New record id [12311] and serial [2]
16:54:11 DEBUG	[save]	Record already exists [<idobj><serial="2"><id="12311"><userId="0"><firstName="John"><lastName="The I"><email="john@gmail.com"><password="password@1"><isLocked="1"><completedCourses><\completedCourses><completedCourses><\completedCourses><desiredCourses><id="0"><\desiredCourses><desiredPoints><\desiredPoints><points="102"><\idobj>]
16:54:11 DEBUG	[save]	Old record removed.
16:54:11 DEBUG	[save]	New record added.
16:54:11 DEBUG	[save]	Saving memory to file [..\db.xml]...
16:54:11 DEBUG	[save]	Memory saved to file [..\db.xml].
16:54:11 DEBUG	[save]	Saving DB!
16:54:11 DEBUG	[save]	Saving record: [<idobj><serial="1"><id="100"><courseId="0"><name="English"><description=""><teachingHours=""><maxStudents="0"><prerequisiteCourses><\prerequisiteCourses><\idobj>]
16:54:11 DEBUG	[save]	New record id [100] and serial [1]
16:54:11 DEBUG	[save]	Record already exists [<idobj><serial="1"><id="100"><courseId="0"><name="English"><description=""><teachingHours=""><maxStudents="0"><prerequisiteCourses><\prerequisiteCourses><\idobj>]
16:54:11 DEBUG	[save]	Old record removed.
16:54:11 DEBUG	[save]	New record added.
16:54:11 DEBUG	[save]	Saving memory to file [..\db.xml]...
16:54:11 DEBUG	[save]	Memory saved to file [..\db.xml].
16:54:11 DEBUG	[getAll]	Getting all objects by serial [2].
16:54:11 DEBUG	[getAll]	Number of objects by serial [2] is [1]
16:59:13 DEBUG	[getAll]	Getting all objects by serial [1].
16:59:13 DEBUG	[getAll]	Number of objects by serial [1] is [4]
17:1:0 DEBUG	[FileStorage]	Storage exists. Loading from file...
17:1:0 DEBUG	[FileStorage]	Storage loaded to memory.
17:1:0 DEBUG	[FileStorage]	Storage exists. Loading from file...
17:1:0 DEBUG	[FileStorage]	Storage loaded to memory.
17:1:0 DEBUG	[save]	Saving DB!
17:1:0 DEBUG	[save]	Saving record: [<idobj><serial="2"><id="12311"><userId="0"><firstName="John"><lastName="The I"><email="john@gmail.com"><password="password@1"><isLocked="1"><completedCourses><\completedCourses><completedCourses><\completedCourses><desiredCourses><id="0"><\desiredCourses><desiredPoints><\desiredPoints><points="102"><\idobj>]
17:1:0 DEBUG	[save]	New record id [12311] and serial [2]
17:1:0 DEBUG	[save]	Record already exists [<idobj><serial="2"><id="12311"><userId="0"><firstName="John"><lastName="The I"><email="john@gmail.com"><password="password@1"><isLocked="1"><completedCourses><\completedCourses><completedCourses><\completedCourses><desiredCourses><id="100"><\desiredCourses><desiredPoints><\desiredPoints><points="102"><\idobj>]
17:1:0 DEBUG	[save]	Old record removed.
17:1:0 DEBUG	[save]	New record added.
17:1:0 DEBUG	[save]	Saving memory to file [..\db.xml]...
17:1:0 DEBUG	[save]	Memory saved to file [..\db.xml].
17:1:0 DEBUG	[save]	Saving DB!
17:1:0 DEBUG	[save]	Saving record: [<idobj><serial="1"><id="100"><courseId="0"><name="English"><description=""><teachingHours=""><maxStudents="0"><prerequisiteCourses><\prerequisiteCourses><\idobj>]
17:1:0 DEBUG	[save]	New record id [100] and serial [1]
17:1:0 DEBUG	[save]	Record already exists [<idobj><serial="1"><id="100"><courseId="0"><name="English"><description=""><teachingHours=""><maxStudents="0"><prerequisiteCourses><\prerequisiteCourses><\idobj>]
17:1:0 DEBUG	[save]	Old record removed.
17:1:0 DEBUG	[save]	New record added.
17:1:0 DEBUG	[save]	Saving memory to file [..\db.xml]...
17:1:0 DEBUG	[save]	Memory saved to file [..\db.xml].
17:1:0 DEBUG	[getAll]	Getting all objects by serial [2].
17:1:0 DEBUG	[getAll]	Number of objects by serial [2] is [1]
17:1:20 DEBUG	[getAll]	Getting all objects by serial [1].
17:1:20 DEBUG	[getAll]	Number of objects by serial [1] is [4]
17:2:54 DEBUG	[FileStorage]	Storage exists. Loading from file...
17:2:54 DEBUG	[FileStorage]	Storage loaded to memory.
17:2:54 DEBUG	[FileStorage]	Storage exists. Loading from file...
17:2:54 DEBUG	[FileStorage]	Storage loaded to memory.
17:3:37 DEBUG	[save]	Saving DB!
17:3:37 DEBUG	[save]	Saving record: [<idobj><serial="2"><id="12311"><userId="0"><firstName="John"><lastName="The I"><email="john@gmail.com"><password="password@1"><isLocked="1"><completedCourses><\completedCourses><completedCourses><\completedCourses><desiredCourses><id="0"><\desiredCourses><desiredPoints><\desiredPoints><points="102"><\idobj>]
17:3:37 DEBUG	[save]	New record id [12311] and serial [2]
17:3:37 DEBUG	[save]	Record already exists [<idobj><serial="2"><id="12311"><userId="0"><firstName="John"><lastName="The I"><email="john@gmail.com"><password="password@1"><isLocked="1"><completedCourses><\completedCourses><completedCourses><\completedCourses><desiredCourses><id="100"><\desiredCourses><desiredPoints><\desiredPoints><points="102"><\idobj>]
17:3:37 DEBUG	[save]	Old record removed.
17:3:37 DEBUG	[save]	New record added.
17:3:37 DEBUG	[save]	Saving memory to file [..\db.xml]...
17:3:37 DEBUG	[save]	Memory saved to file [..\db.xml].
17:3:37 DEBUG	[save]	Saving DB!
17:3:37 DEBUG	[save]	Saving record: [<idobj><serial="1"><id="100"><courseId="0"><name="English"><description=""><teachingHours=""><maxStudents="0"><prerequisiteCourses><\prerequisiteCourses><\idobj>]
17:3:37 DEBUG	[save]	New record id [100] and serial [1]
17:3:37 DEBUG	[save]	Record already exists [<idobj><serial="1"><id="100"><courseId="0"><name="English"><description=""><teachingHours=""><maxStudents="0"><prerequisiteCourses><\prerequisiteCourses><\idobj>]
17:3:37 DEBUG	[save]	Old record removed.
17:3:37 DEBUG	[save]	New record added.
17:3:37 DEBUG	[save]	Saving memory to file [..\db.xml]...
17:3:37 DEBUG	[save]	Memory saved to file [..\db.xml].
17:7:20 DEBUG	[getAll]	Getting all objects by serial [2].
17:7:20 DEBUG	[getAll]	Number of objects by serial [2] is [1]
17:7:20 DEBUG	[getAll]	Getting all objects by serial [1].
17:7:20 DEBUG	[getAll]	Number of objects by serial [1] is [4]
17:7:29 DEBUG	[FileStorage]	Storage exists. Loading from file...
17:7:29 DEBUG	[FileStorage]	Storage loaded to memory.
17:7:29 DEBUG	[FileStorage]	Storage exists. Loading from file...
17:7:29 DEBUG	[FileStorage]	Storage loaded to memory.
17:7:34 DEBUG	[save]	Saving DB!
17:7:34 DEBUG	[save]	Saving record: [<idobj><serial="2"><id="12311"><userId="0"><firstName="John"><lastName="The I"><email="john@gmail.com"><password="password@1"><isLocked="1"><completedCourses><\completedCourses><completedCourses><\completedCourses><desiredCourses><id="0"><\desiredCourses><desiredPoints><\desiredPoints><points="102"><\idobj>]
17:7:34 DEBUG	[save]	New record id [12311] and serial [2]
17:7:34 DEBUG	[save]	Record already exists [<idobj><serial="2"><id="12311"><userId="0"><firstName="John"><lastName="The I"><email="john@gmail.com"><password="password@1"><isLocked="1"><completedCourses><\completedCourses><completedCourses><\completedCourses><desiredCourses><id="0"><\desiredCourses><desiredPoints><\desiredPoints><points="102"><\idobj>]
17:7:34 DEBUG	[save]	Old record removed.
17:7:34 DEBUG	[save]	New record added.
17:7:34 DEBUG	[save]	Saving memory to file [..\db.xml]...
17:7:34 DEBUG	[save]	Memory saved to file [..\db.xml].
17:7:34 DEBUG	[save]	Saving DB!
17:7:34 DEBUG	[save]	Saving record: [<idobj><serial="1"><id="100"><courseId="0"><name="English"><description=""><teachingHours=""><maxStudents="0"><prerequisiteCourses><\prerequisiteCourses><\idobj>]
17:7:34 DEBUG	[save]	New record id [100] and serial [1]
17:7:34 DEBUG	[save]	Record already exists [<idobj><serial="1"><id="100"><courseId="0"><name="English"><description=""><teachingHours=""><maxStudents="0"><prerequisiteCourses><\prerequisiteCourses><\idobj>]
17:7:34 DEBUG	[save]	Old record removed.
17:7:34 DEBUG	[save]	New record added.
17:7:34 DEBUG	[save]	Saving memory to file [..\db.xml]...
17:7:34 DEBUG	[save]	Memory saved to file [..\db.xml].
17:7:35 DEBUG	[getAll]	Getting all objects by serial [2].
17:7:35 DEBUG	[getAll]	Number of objects by serial [2] is [1]
17:7:51 DEBUG	[getAll]	Getting all objects by serial [1].
17:7:51 DEBUG	[getAll]	Number of objects by serial [1] is [4]
17:15:13 DEBUG	[FileStorage]	Storage exists. Loading from file...
17:15:13 DEBUG	[FileStorage]	Storage loaded to memory.
17:15:13 DEBUG	[FileStorage]	Storage exists. Loading from file...
17:15:13 DEBUG	[FileStorage]	Storage loaded to memory.
17:15:16 DEBUG	[getAll]	Getting all objects by serial [1].
17:15:16 DEBUG	[getAll]	Number of objects by serial [1] is [4]
17:15:16 DEBUG	[getAll]	Getting all objects by serial [1].
17:15:16 DEBUG	[getAll]	Number of objects by serial [1] is [4]
17:17:30 DEBUG	[FileStorage]	Storage exists. Loading from file...
17:17:30 DEBUG	[FileStorage]	Storage loaded to memory.
17:17:30 DEBUG	[FileStorage]	Storage exists. Loading from file...
17:17:30 DEBUG	[FileStorage]	Storage loaded to memory.
17:17:30 DEBUG	[getAll]	Getting all objects by serial [1].
17:17:30 DEBUG	[getAll]	Number of objects by serial [1] is [4]
17:17:30 DEBUG	[getAll]	Getting all objects by serial [1].
17:17:30 DEBUG	[getAll]	Number of objects by serial [1] is [4]
17:18:12 DEBUG	[FileStorage]	Storage exists. Loading from file...
17:18:12 DEBUG	[FileStorage]	Storage loaded to memory.
17:18:12 DEBUG	[FileStorage]	Storage exists. Loading from file...
17:18:12 DEBUG	[FileStorage]	Storage loaded to memory.
17:18:12 DEBUG	[getAll]	Getting all objects by serial [1].
17:18:12 DEBUG	[getAll]	Number of objects by serial [1] is [4]
17:18:12 DEBUG	[getAll]	Getting all objects by serial [1].
17:18:12 DEBUG	[getAll]	Number of objects by serial [1] is [4]
17:18:12 DEBUG	[getAll]	Getting all objects by serial [2].
17:18:12 DEBUG	[getAll]	Number of objects by serial [2] is [1]
17:18:16 DEBUG	[getAll]	Getting all objects by serial [1].
17:18:16 DEBUG	[getAll]	Number of objects by serial [1] is [4]
17:18:28 DEBUG	[FileStorage]	Storage exists. Loading from file...
17:18:28 DEBUG	[FileStorage]	Storage loaded to memory.
17:18:28 DEBUG	[FileStorage]	Storage exists. Loading from file...
17:18:28 DEBUG	[FileStorage]	Storage loaded to memory.
17:18:28 DEBUG	[getAll]	Getting all objects by serial [1].
17:18:28 DEBUG	[getAll]	Number of objects by serial [1] is [4]
17:18:28 DEBUG	[getAll]	Getting all objects by serial [1].
17:18:28 DEBUG	[getAll]	Number of objects by serial [1] is [4]
17:18:30 DEBUG	[getAll]	Getting all objects by serial [2].
17:18:30 DEBUG	[getAll]	Number of objects by serial [2] is [1]
17:18:30 DEBUG	[getAll]	Getting all objects by serial [1].
17:18:30 DEBUG	[getAll]	Number of objects by serial [1] is [4]
15:20:33 DEBUG	[FileStorage]	Storage exists. Loading from file...
15:20:33 DEBUG	[FileStorage]	Storage loaded to memory.
15:20:33 DEBUG	[FileStorage]	Storage exists. Loading from file...
15:20:33 DEBUG	[FileStorage]	Storage loaded to memory.
15:20:33 DEBUG	[getAll]	Getting all objects by serial [1].
15:20:33 DEBUG	[getAll]	Number of objects by serial [1] is [4]
15:20:33 DEBUG	[getAll]	Getting all objects by serial [1].
15:20:33 DEBUG	[getAll]	Number of objects by serial [1] is [4]
15:20:39 DEBUG	[getAll]	Getting all objects by serial [2].
15:20:39 DEBUG	[getAll]	Number of objects by serial [2] is [1]
15:20:39 DEBUG	[getAll]	Getting all objects by serial [1].
15:20:39 DEBUG	[getAll]	Number of objects by serial [1] is [4]
15:43:50 DEBUG	[FileStorage]	Storage exists. Loading from file...
15:43:50 DEBUG	[FileStorage]	Storage loaded to memory.
15:43:50 DEBUG	[FileStorage]	Storage exists. Loading from file...
15:43:50 DEBUG	[FileStorage]	Storage loaded to memory.
15:43:50 DEBUG	[getAll]	Getting all objects by serial [2].
15:43:50 DEBUG	[getAll]	Number of objects by serial [2] is [1]
15:43:50 DEBUG	[getAll]	Getting all objects by serial [1].
15:43:50 DEBUG	[getAll]	Number of objects by serial [1] is [4]
15:44:20 DEBUG	[FileStorage]	Storage exists. Loading from file...
15:44:20 DEBUG	[FileStorage]	Storage loaded to memory.
15:44:20 DEBUG	[FileStorage]	Storage exists. Loading from file...
15:44:20 DEBUG	[FileStorage]	Storage loaded to memory.
15:44:20 DEBUG	[getAll]	Getting all objects by serial [2].
15:44:20 DEBUG	[getAll]	Number of objects by serial [2] is [1]
15:44:20 DEBUG	[getAll]	Getting all objects by serial [1].
15:44:20 DEBUG	[getAll]	Number of objects by serial [1] is [4]
15:45:15 DEBUG	[FileStorage]	Storage exists. Loading from file...
15:45:15 DEBUG	[FileStorage]	Storage loaded to memory.
15:45:15 DEBUG	[FileStorage]	Storage exists. Loading from file...
15:45:15 DEBUG	[FileStorage]	Storage loaded to memory.
15:45:15 DEBUG	[getAll]	Getting all objects by serial [2].
15:45:15 DEBUG	[getAll]	Number of objects by serial [2] is [1]
15:45:15 DEBUG	[getAll]	Getting all objects by serial [1].
15:45:15 DEBUG	[getAll]	Number of objects by serial [1] is [4]
15:46:44 DEBUG	[FileStorage]	Storage exists. Loading from file...
15:46:44 DEBUG	[FileStorage]	Storage loaded to memory.
15:46:44 DEBUG	[FileStorage]	Storage exists. Loading from file...
15:46:44 DEBUG	[FileStorage]	Storage loaded to memory.
15:47:1 DEBUG	[getAll]	Getting all objects by serial [2].
15:47:1 DEBUG	[getAll]	Number of objects by serial [2] is [1]
15:48:19 DEBUG	[getAll]	Getting all objects by serial [1].
15:48:19 DEBUG	[getAll]	Number of objects by serial [1] is [4]
15:49:1 DEBUG	[FileStorage]	Storage exists. Loading from file...
15:49:1 DEBUG	[FileStorage]	Storage loaded to memory.
15:49:4 DEBUG	[getAll]	Getting all objects by serial [2].
15:49:4 DEBUG	[getAll]	Number of objects by serial [2] is [1]
15:49:4 DEBUG	[getAll]	Getting all objects by serial [1].
15:49:4 DEBUG	[getAll]	Number of objects by serial [1] is [4]
15:49:4 DEBUG	[FileStorage]	Storage exists. Loading from file...
15:49:4 DEBUG	[FileStorage]	Storage loaded to memory.
15:51:36 DEBUG	[FileStorage]	Storage exists. Loading from file...
15:51:36 DEBUG	[FileStorage]	Storage loaded to memory.
15:51:37 DEBUG	[FileStorage]	Storage exists. Loading from file...
15:51:37 DEBUG	[FileStorage]	Storage loaded to memory.
15:51:41 DEBUG	[getAll]	Getting all objects by serial [2].
15:51:41 DEBUG	[getAll]	Number of objects by serial [2] is [1]
15:51:41 DEBUG	[getAll]	Getting all objects by serial [1].
15:51:42 DEBUG	[getAll]	Number of objects by serial [1] is [4]
15:51:59 DEBUG	[FileStorage]	Storage exists. Loading from file...
15:51:59 DEBUG	[FileStorage]	Storage loaded to memory.
15:51:59 DEBUG	[FileStorage]	Storage exists. Loading from file...
15:51:59 DEBUG	[FileStorage]	Storage loaded to memory.
15:51:59 DEBUG	[getAll]	Getting all objects by serial [2].
15:51:59 DEBUG	[getAll]	Number of objects by serial [2] is [1]
15:51:59 DEBUG	[getAll]	Getting all objects by serial [1].
15:51:59 DEBUG	[getAll]	Number of objects by serial [1] is [4]
15:52:23 DEBUG	[FileStorage]	Storage exists. Loading from file...
15:52:23 DEBUG	[FileStorage]	Storage loaded to memory.
15:52:23 DEBUG	[FileStorage]	Storage exists. Loading from file...
15:52:23 DEBUG	[FileStorage]	Storage loaded to memory.
15:52:23 DEBUG	[getAll]	Getting all objects by serial [2].
15:52:23 DEBUG	[getAll]	Number of objects by serial [2] is [1]
15:52:23 DEBUG	[getAll]	Getting all objects by serial [1].
15:52:23 DEBUG	[getAll]	Number of objects by serial [1] is [4]
15:53:33 DEBUG	[FileStorage]	Storage exists. Loading from file...
15:53:33 DEBUG	[FileStorage]	Storage loaded to memory.
15:53:33 DEBUG	[FileStorage]	Storage exists. Loading from file...
15:53:33 DEBUG	[FileStorage]	Storage loaded to memory.
15:53:33 DEBUG	[getAll]	Getting all objects by serial [2].
15:53:33 DEBUG	[getAll]	Number of objects by serial [2] is [1]
15:53:33 DEBUG	[getAll]	Getting all objects by serial [1].
15:53:33 DEBUG	[getAll]	Number of objects by serial [1] is [4]
15:54:34 DEBUG	[FileStorage]	Storage exists. Loading from file...
15:54:34 DEBUG	[FileStorage]	Storage loaded to memory.
15:54:34 DEBUG	[FileStorage]	Storage exists. Loading from file...
15:54:34 DEBUG	[FileStorage]	Storage loaded to memory.
15:54:54 DEBUG	[FileStorage]	Storage exists. Loading from file...
15:54:54 DEBUG	[FileStorage]	Storage loaded to memory.
15:54:54 DEBUG	[FileStorage]	Storage exists. Loading from file...
15:54:54 DEBUG	[FileStorage]	Storage loaded to memory.
15:55:3 DEBUG	[getAll]	Getting all objects by serial [2].
15:55:3 DEBUG	[getAll]	Number of objects by serial [2] is [1]
15:55:10 DEBUG	[getAll]	Getting all objects by serial [1].
15:55:10 DEBUG	[getAll]	Number of objects by serial [1] is [4]
15:55:34 DEBUG	[FileStorage]	Storage exists. Loading from file...
15:55:34 DEBUG	[FileStorage]	Storage loaded to memory.
15:55:37 DEBUG	[getAll]	Getting all objects by serial [2].
15:55:37 DEBUG	[getAll]	Number of objects by serial [2] is [1]
15:55:37 DEBUG	[FileStorage]	Storage exists. Loading from file...
15:55:37 DEBUG	[FileStorage]	Storage loaded to memory.
15:55:44 DEBUG	[getAll]	Getting all objects by serial [1].
15:55:44 DEBUG	[getAll]	Number of objects by serial [1] is [4]
15:55:56 DEBUG	[FileStorage]	Storage exists. Loading from file...
15:55:56 DEBUG	[FileStorage]	Storage loaded to memory.
15:55:56 DEBUG	[FileStorage]	Storage exists. Loading from file...
15:55:56 DEBUG	[FileStorage]	Storage loaded to memory.
15:55:58 DEBUG	[getAll]	Getting all objects by serial [2].
15:55:58 DEBUG	[getAll]	Number of objects by serial [2] is [1]
15:56:32 DEBUG	[getAll]	Getting all objects by serial [1].
15:56:32 DEBUG	[getAll]	Number of objects by serial [1] is [4]
15:58:24 DEBUG	[FileStorage]	Storage exists. Loading from file...
15:58:24 DEBUG	[FileStorage]	Storage loaded to memory.
15:58:26 DEBUG	[getAll]	Getting all objects by serial [2].
15:58:26 DEBUG	[getAll]	Number of objects by serial [2] is [1]
15:58:26 DEBUG	[FileStorage]	Storage exists. Loading from file...
15:58:26 DEBUG	[FileStorage]	Storage loaded to memory.
15:58:28 DEBUG	[getAll]	Getting all objects by serial [1].
15:58:28 DEBUG	[getAll]	Number of objects by serial [1] is [4]
15:59:49 DEBUG	[FileStorage]	Storage exists. Loading from file...
15:59:49 DEBUG	[FileStorage]	Storage loaded to memory.
15:59:49 DEBUG	[FileStorage]	Storage exists. Loading from file...
15:59:49 DEBUG	[FileStorage]	Storage loaded to memory.
15:59:49 DEBUG	[getAll]	Getting all objects by serial [2].
15:59:49 DEBUG	[getAll]	Number of objects by serial [2] is [1]
15:59:49 DEBUG	[getAll]	Getting all objects by serial [1].
15:59:49 DEBUG	[getAll]	Number of objects by serial [1] is [4]
16:0:25 DEBUG	[FileStorage]	Storage exists. Loading from file...
16:0:25 DEBUG	[FileStorage]	Storage loaded to memory.
16:0:28 DEBUG	[FileStorage]	Storage exists. Loading from file...
16:0:28 DEBUG	[FileStorage]	Storage loaded to memory.
16:0:33 DEBUG	[getAll]	Getting all objects by serial [2].
16:0:33 DEBUG	[getAll]	Number of objects by serial [2] is [1]
16:1:9 DEBUG	[getAll]	Getting all objects by serial [1].
16:1:9 DEBUG	[getAll]	Number of objects by serial [1] is [4]
16:1:56 DEBUG	[FileStorage]	Storage exists. Loading from file...
16:1:56 DEBUG	[FileStorage]	Storage loaded to memory.
16:1:56 DEBUG	[FileStorage]	Storage exists. Loading from file...
16:1:56 DEBUG	[FileStorage]	Storage loaded to memory.
16:1:59 DEBUG	[getAll]	Getting all objects by serial [2].
16:1:59 DEBUG	[getAll]	Number of objects by serial [2] is [1]
16:1:59 DEBUG	[getAll]	Getting all objects by serial [1].
16:1:59 DEBUG	[getAll]	Number of objects by serial [1] is [4]
16:3:25 DEBUG	[FileStorage]	Storage exists. Loading from file...
16:3:25 DEBUG	[FileStorage]	Storage loaded to memory.
16:3:25 DEBUG	[FileStorage]	Storage exists. Loading from file...
16:3:25 DEBUG	[FileStorage]	Storage loaded to memory.
16:3:25 DEBUG	[getAll]	Getting all objects by serial [2].
16:3:25 DEBUG	[getAll]	Number of objects by serial [2] is [1]
16:3:26 DEBUG	[getAll]	Getting all objects by serial [1].
16:3:26 DEBUG	[getAll]	Number of objects by serial [1] is [4]
16:3:42 DEBUG	[FileStorage]	Storage exists. Loading from file...
16:3:42 DEBUG	[FileStorage]	Storage loaded to memory.
16:3:42 DEBUG	[getAll]	Getting all objects by serial [2].
16:3:42 DEBUG	[getAll]	Number of objects by serial [2] is [1]
16:3:42 DEBUG	[FileStorage]	Storage exists. Loading from file...
16:3:42 DEBUG	[FileStorage]	Storage loaded to memory.
16:5:27 DEBUG	[FileStorage]	Storage exists. Loading from file...
16:5:27 DEBUG	[FileStorage]	Storage loaded to memory.
16:5:27 DEBUG	[getAll]	Getting all objects by serial [2].
16:5:27 DEBUG	[getAll]	Number of objects by serial [2] is [1]
16:5:27 DEBUG	[getAll]	Getting all objects by serial [1].
16:5:27 DEBUG	[getAll]	Number of objects by serial [1] is [4]
16:5:27 DEBUG	[FileStorage]	Storage exists. Loading from file...
16:5:27 DEBUG	[FileStorage]	Storage loaded to memory.
16:5:27 DEBUG	[deleteObj]	Record to delete with serial [2] and id [12311] found [<idobj><serial="2"><id="12311"><userId="2"><firstName="John"><lastName="The I"><email="john@gmail.com"><password="password@1"><isLocked="1"><completedCourses><\completedCourses><completedCourses><\completedCourses><desiredCourses><id="0"><\desiredCourses><desiredPoints><id="20"><\desiredPoints><points="102"><\idobj>]
16:5:27 DEBUG	[deleteObj]	Record deleted! NOTE: This action will not take affect on DB.xml till saved, only buffer!!!
16:5:27 DEBUG	[save]	Saving DB!
16:5:27 DEBUG	[save]	Saving memory to file [..\db.xml]...
16:5:27 DEBUG	[save]	Memory saved to file [..\db.xml].
