15:6:31 DEBUG	[save]	Creating student record to save in DB for [12311] [John The I].
15:6:31 DEBUG	[save]	Saving student record to save in DB for [12311] [John The I].
15:6:31 DEBUG	[save]	Saving completed courses - recursive call to [save].
15:6:31 DEBUG	[save]	Saving assigned courses - recursive call to [save].
15:6:31 DEBUG	[save]	Saving desired courses - recursive call to [save].
15:6:31 DEBUG	[save]	Finished saving student record to DB.
16:40:47 DEBUG	[save]	Creating student record to save in DB for [12311] [John The I].
16:40:47 DEBUG	[save]	Saving student record to save in DB for [12311] [John The I].
16:40:47 DEBUG	[save]	Saving completed courses - recursive call to [save].
16:40:47 DEBUG	[save]	Saving assigned courses - recursive call to [save].
16:40:47 DEBUG	[save]	Saving desired courses - recursive call to [save].
16:40:47 DEBUG	[save]	Finished saving student record to DB.
16:50:9 DEBUG	[save]	Creating student record to save in DB for [12311] [John The I].
16:50:9 DEBUG	[save]	Saving student record to save in DB for [12311] [John The I].
16:50:9 DEBUG	[save]	Saving completed courses - recursive call to [save].
16:50:9 DEBUG	[save]	Saving assigned courses - recursive call to [save].
16:50:9 DEBUG	[save]	Saving desired courses - recursive call to [save].
16:50:9 DEBUG	[save]	Finished saving student record to DB.
16:50:9 DEBUG	[getAll]	Getting list of all courses from DB.
16:52:36 DEBUG	[save]	Creating student record to save in DB for [12311] [John The I].
16:52:36 DEBUG	[save]	Saving student record to save in DB for [12311] [John The I].
16:52:36 DEBUG	[save]	Saving completed courses - recursive call to [save].
16:52:36 DEBUG	[save]	Saving assigned courses - recursive call to [save].
16:52:36 DEBUG	[save]	Saving desired courses - recursive call to [save].
16:52:36 DEBUG	[save]	Finished saving student record to DB.
16:52:36 DEBUG	[getAll]	Getting list of all courses from DB.
16:54:11 DEBUG	[save]	Creating student record to save in DB for [12311] [John The I].
16:54:11 DEBUG	[save]	Saving student record to save in DB for [12311] [John The I].
16:54:11 DEBUG	[save]	Saving completed courses - recursive call to [save].
16:54:11 DEBUG	[save]	Saving assigned courses - recursive call to [save].
16:54:11 DEBUG	[save]	Saving desired courses - recursive call to [save].
16:54:11 DEBUG	[save]	Finished saving student record to DB.
16:54:11 DEBUG	[getAll]	Getting list of all courses from DB.
17:1:0 DEBUG	[save]	Creating student record to save in DB for [12311] [John The I].
17:1:0 DEBUG	[save]	Saving student record to save in DB for [12311] [John The I].
17:1:0 DEBUG	[save]	Saving completed courses - recursive call to [save].
17:1:0 DEBUG	[save]	Saving assigned courses - recursive call to [save].
17:1:0 DEBUG	[save]	Saving desired courses - recursive call to [save].
17:1:0 DEBUG	[save]	Finished saving student record to DB.
17:1:0 DEBUG	[getAll]	Getting list of all courses from DB.
17:3:37 DEBUG	[save]	Creating student record to save in DB for [12311] [John The I].
17:3:37 DEBUG	[save]	Saving student record to save in DB for [12311] [John The I].
17:3:37 DEBUG	[save]	Saving completed courses - recursive call to [save].
17:3:37 DEBUG	[save]	Saving assigned courses - recursive call to [save].
17:3:37 DEBUG	[save]	Saving desired courses - recursive call to [save].
17:3:37 DEBUG	[save]	Finished saving student record to DB.
17:7:20 DEBUG	[getAll]	Getting list of all courses from DB.
17:7:34 DEBUG	[save]	Creating student record to save in DB for [12311] [John The I].
17:7:34 DEBUG	[save]	Saving student record to save in DB for [12311] [John The I].
17:7:34 DEBUG	[save]	Saving completed courses - recursive call to [save].
17:7:34 DEBUG	[save]	Saving assigned courses - recursive call to [save].
17:7:34 DEBUG	[save]	Saving desired courses - recursive call to [save].
17:7:34 DEBUG	[save]	Finished saving student record to DB.
17:7:35 DEBUG	[getAll]	Getting list of all courses from DB.
17:8:13 DEBUG	[getAll]		Received student [0] [John The I] from DB.
17:8:17 DEBUG	[getAll]	Finished getting list of all students from DB.
17:18:12 DEBUG	[getAll]	Getting list of all students from DB.
17:18:16 DEBUG	[getAll]		Received student [0] [John The I] from DB.
17:18:16 DEBUG	[getAll]	Finished getting list of all students from DB.
17:18:30 DEBUG	[getAll]	Getting list of all students from DB.
17:18:30 DEBUG	[getAll]		Received student [0] [John The I] from DB.
17:18:30 DEBUG	[getAll]	Finished getting list of all students from DB.
15:20:39 DEBUG	[getAll]	Getting list of all students from DB.
15:20:39 DEBUG	[getAll]		Received student [0] [John The I] from DB.
15:20:39 DEBUG	[getAll]	Finished getting list of all students from DB.
15:43:50 DEBUG	[getById]	Trying to get student by id [12311].
15:43:50 DEBUG	[getById]	Student received by id: [12311].
15:44:20 DEBUG	[getById]	Trying to get student by id [12311].
15:44:20 DEBUG	[getById]	Student received by id: [12311].
15:45:15 DEBUG	[getById]	Trying to get student by id [12311].
15:45:15 DEBUG	[getById]	Student received by id: [12311].
15:46:51 DEBUG	[getById]	Trying to get student by id [12311].
15:49:4 DEBUG	[getById]	Trying to get student by id [12311].
15:51:41 DEBUG	[getById]	Trying to get student by id [12311].
15:51:59 DEBUG	[getById]	Trying to get student by id [12311].
15:52:23 DEBUG	[getById]	Trying to get student by id [12311].
15:53:33 DEBUG	[getById]	Trying to get student by id [12311].
15:55:2 DEBUG	[getById]	Trying to get student by id [12311].
15:55:37 DEBUG	[getById]	Trying to get student by id [12311].
15:55:58 DEBUG	[getById]	Trying to get student by id [12311].
15:58:26 DEBUG	[getById]	Trying to get student by id [12311].
15:58:39 DEBUG	[getById]	Student received by id: [12311].
15:59:49 DEBUG	[getById]	Trying to get student by id [12311].
15:59:49 DEBUG	[getById]	Student received by id: [12311].
16:0:31 DEBUG	[getById]	Trying to get student by id [12311].
16:1:59 DEBUG	[getById]	Trying to get student by id [12311].
16:1:59 DEBUG	[getById]	Student received by id: [12311].
16:3:25 DEBUG	[getByStudentId]	Trying to get student by student id [2].
16:3:26 DEBUG	[getByStudentId]	Student received by student id: [2].
16:3:42 DEBUG	[getByStudentId]	Trying to get student by student id [21].
16:3:42 ERROR!	[getByStudentId]	No student found by student id: [21].
16:5:27 DEBUG	[getByStudentId]	Trying to get student by student id [2].
16:5:27 DEBUG	[getByStudentId]	Student received by student id: [2].
16:5:27 DEBUG	[delete]	Deleting student from DB by id [12311].
