Build started 8/29/2015 5:26:59 PM.
     1>Project "C:\Users\gleyz_000\Documents\Visual Studio 2013\Projects\github\course-bid\Shenkar_CourseBidSystem\CourseBid_Common\CourseBid_Common.vcxproj" on node 2 (Build target(s)).
     1>ClCompile:
         C:\Program Files (x86)\Microsoft Visual Studio 12.0\VC\bin\CL.exe /c /I"C:\Users\gleyz_000\Documents\Visual Studio 2013\Projects\github\course-bid\Shenkar_CourseBidSystem\\CourseBid_Storage" /I"C:\Users\gleyz_000\Documents\Visual Studio 2013\Projects\github\course-bid\Shenkar_CourseBidSystem\\CourseBid_UI" /I"C:\Users\gleyz_000\Documents\Visual Studio 2013\Projects\github\course-bid\Shenkar_CourseBidSystem\\CourseBid_SecretaryTerminal" /I"C:\Users\gleyz_000\Documents\Visual Studio 2013\Projects\github\course-bid\Shenkar_CourseBidSystem\\CourseBid_Utils" /ZI /nologo /W3 /WX- /sdl /Od /Oy- /D _MBCS /Gm /EHsc /RTC1 /MDd /GS /fp:precise /Zc:wchar_t /Zc:forScope /Fo"Debug\\" /Fd"Debug\vc120.pdb" /Gd /TP /analyze- /errorReport:prompt AssignmentCalculator.cpp Course.cpp RegistrationStartDate.cpp Technician.cpp
         Technician.cpp
     1>c:\users\gleyz_000\documents\visual studio 2013\projects\github\course-bid\shenkar_coursebidsystem\coursebid_common\technician.cpp(29): warning C4800: 'long' : forcing value to bool 'true' or 'false' (performance warning)
         RegistrationStartDate.cpp
         Course.cpp
         Generating Code...
         Compiling...
         AssignmentCalculator.cpp
         Generating Code...
       Link:
         C:\Program Files (x86)\Microsoft Visual Studio 12.0\VC\bin\link.exe /ERRORREPORT:PROMPT /OUT:"C:\Users\gleyz_000\Documents\Visual Studio 2013\Projects\github\course-bid\Shenkar_CourseBidSystem\Debug\CourseBid_Common.exe" /INCREMENTAL /NOLOGO kernel32.lib user32.lib gdi32.lib winspool.lib comdlg32.lib advapi32.lib shell32.lib ole32.lib oleaut32.lib uuid.lib odbc32.lib odbccp32.lib /MANIFEST /MANIFESTUAC:"level='asInvoker' uiAccess='false'" /manifest:embed /DEBUG /PDB:"C:\Users\gleyz_000\Documents\Visual Studio 2013\Projects\github\course-bid\Shenkar_CourseBidSystem\Debug\CourseBid_Common.pdb" /TLBID:1 /DYNAMICBASE /NXCOMPAT /IMPLIB:"C:\Users\gleyz_000\Documents\Visual Studio 2013\Projects\github\course-bid\Shenkar_CourseBidSystem\Debug\CourseBid_Common.lib" /MACHINE:X86 Debug\DBEventLog.obj
         Debug\FileStorage.obj
         Debug\EventLog.obj
         Debug\AssignitionResultsCourseScreen.obj
         Debug\AssignitionResultScreen.obj
         Debug\AssignitionResultsStudentScreen.obj
         Debug\Course.obj
         Debug\CourseDataScreen.obj
         Debug\CourseEventLog.obj
         Debug\CourseListScreen.obj
         Debug\maincpp.obj
         Debug\RegistrationStartDate.obj
         Debug\AssignmentCalculator.obj
         Debug\Student.obj
         Debug\StudentDataScreen.obj
         Debug\StudentEventLog.obj
         Debug\StudentListScreen.obj
         Debug\Technician.obj
         Debug\User.obj
         CourseBid_Common.vcxproj -> C:\Users\gleyz_000\Documents\Visual Studio 2013\Projects\github\course-bid\Shenkar_CourseBidSystem\Debug\CourseBid_Common.exe
     1>Done Building Project "C:\Users\gleyz_000\Documents\Visual Studio 2013\Projects\github\course-bid\Shenkar_CourseBidSystem\CourseBid_Common\CourseBid_Common.vcxproj" (Build target(s)).

Build succeeded.

Time Elapsed 00:00:09.31
