c:\gitprojects\course-bid\shenkar_coursebidsystem\coursebid_common\debug\vc120.pdb
c:\gitprojects\course-bid\shenkar_coursebidsystem\coursebid_common\debug\vc120.idb
c:\gitprojects\course-bid\shenkar_coursebidsystem\coursebid_common\debug\dbeventlog.obj
c:\gitprojects\course-bid\shenkar_coursebidsystem\coursebid_common\debug\filestorage.obj
c:\gitprojects\course-bid\shenkar_coursebidsystem\coursebid_common\debug\eventlog.obj
c:\gitprojects\course-bid\shenkar_coursebidsystem\coursebid_common\debug\assignitionresultscoursescreen.obj
c:\gitprojects\course-bid\shenkar_coursebidsystem\coursebid_common\debug\assignitionresultscreen.obj
c:\gitprojects\course-bid\shenkar_coursebidsystem\coursebid_common\debug\assignitionresultsstudentscreen.obj
c:\gitprojects\course-bid\shenkar_coursebidsystem\coursebid_common\debug\course.obj
c:\gitprojects\course-bid\shenkar_coursebidsystem\coursebid_common\debug\coursedatascreen.obj
c:\gitprojects\course-bid\shenkar_coursebidsystem\coursebid_common\debug\courseeventlog.obj
c:\gitprojects\course-bid\shenkar_coursebidsystem\coursebid_common\debug\courselistscreen.obj
c:\gitprojects\course-bid\shenkar_coursebidsystem\coursebid_common\debug\maincpp.obj
c:\gitprojects\course-bid\shenkar_coursebidsystem\coursebid_common\debug\registrationstartdate.obj
c:\gitprojects\course-bid\shenkar_coursebidsystem\coursebid_common\debug\assignmentcalculator.obj
c:\gitprojects\course-bid\shenkar_coursebidsystem\coursebid_common\debug\student.obj
c:\gitprojects\course-bid\shenkar_coursebidsystem\coursebid_common\debug\studentdatascreen.obj
c:\gitprojects\course-bid\shenkar_coursebidsystem\coursebid_common\debug\studenteventlog.obj
c:\gitprojects\course-bid\shenkar_coursebidsystem\coursebid_common\debug\studentlistscreen.obj
c:\gitprojects\course-bid\shenkar_coursebidsystem\coursebid_common\debug\technician.obj
c:\gitprojects\course-bid\shenkar_coursebidsystem\coursebid_common\debug\user.obj
c:\gitprojects\course-bid\shenkar_coursebidsystem\debug\coursebid_common.ilk
c:\gitprojects\course-bid\shenkar_coursebidsystem\debug\coursebid_common.exe
c:\gitprojects\course-bid\shenkar_coursebidsystem\debug\coursebid_common.pdb
c:\gitprojects\course-bid\shenkar_coursebidsystem\coursebid_common\debug\coursebid_common.tlog\cl.command.1.tlog
c:\gitprojects\course-bid\shenkar_coursebidsystem\coursebid_common\debug\coursebid_common.tlog\cl.read.1.tlog
c:\gitprojects\course-bid\shenkar_coursebidsystem\coursebid_common\debug\coursebid_common.tlog\cl.write.1.tlog
c:\gitprojects\course-bid\shenkar_coursebidsystem\coursebid_common\debug\coursebid_common.tlog\link.command.1.tlog
c:\gitprojects\course-bid\shenkar_coursebidsystem\coursebid_common\debug\coursebid_common.tlog\link.read.1.tlog
c:\gitprojects\course-bid\shenkar_coursebidsystem\coursebid_common\debug\coursebid_common.tlog\link.write.1.tlog
