Build started 26/08/2015 21:57:34.
     1>Project "C:\GitProjects\course-bid\Shenkar_CourseBidSystem\CourseBid_Utils\CourseBid_Utils.vcxproj" on node 2 (Build target(s)).
     1>ClCompile:
         C:\Program Files (x86)\Microsoft Visual Studio 12.0\VC\bin\CL.exe /c /I"C:\GitProjects\course-bid\Shenkar_CourseBidSystem\\CourseBid_Common" /I"C:\GitProjects\course-bid\Shenkar_CourseBidSystem\\CourseBid_Storage" /ZI /nologo /W3 /WX- /sdl /Od /Oy- /D _MBCS /Gm /EHsc /RTC1 /MDd /GS /fp:precise /Zc:wchar_t /Zc:forScope /Fo"Debug\\" /Fd"Debug\vc120.pdb" /Gd /TP /analyze- /errorReport:prompt Parser.cpp
         Parser.cpp
     1>c:\gitprojects\course-bid\shenkar_coursebidsystem\coursebid_utils\parser.cpp(28): warning C4018: '<' : signed/unsigned mismatch
     1>c:\gitprojects\course-bid\shenkar_coursebidsystem\coursebid_utils\parser.cpp(144): warning C4018: '<' : signed/unsigned mismatch
     1>c:\gitprojects\course-bid\shenkar_coursebidsystem\coursebid_utils\parser.cpp(188): warning C4018: '<' : signed/unsigned mismatch
     1>c:\gitprojects\course-bid\shenkar_coursebidsystem\coursebid_utils\parser.cpp(230): warning C4018: '<' : signed/unsigned mismatch
     1>c:\gitprojects\course-bid\shenkar_coursebidsystem\coursebid_utils\parser.cpp(249): warning C4018: '<' : signed/unsigned mismatch
     1>c:\gitprojects\course-bid\shenkar_coursebidsystem\coursebid_utils\parser.cpp(288): warning C4018: '<' : signed/unsigned mismatch
     1>c:\gitprojects\course-bid\shenkar_coursebidsystem\coursebid_utils\parser.cpp(306): warning C4018: '<' : signed/unsigned mismatch
     1>c:\gitprojects\course-bid\shenkar_coursebidsystem\coursebid_utils\parser.cpp(332): warning C4018: '<' : signed/unsigned mismatch
     1>c:\gitprojects\course-bid\shenkar_coursebidsystem\coursebid_utils\parser.cpp(340): warning C4018: '<' : signed/unsigned mismatch
     1>c:\gitprojects\course-bid\shenkar_coursebidsystem\coursebid_utils\parser.cpp(358): warning C4018: '<' : signed/unsigned mismatch
       Link:
         C:\Program Files (x86)\Microsoft Visual Studio 12.0\VC\bin\link.exe /ERRORREPORT:PROMPT /OUT:"C:\GitProjects\course-bid\Shenkar_CourseBidSystem\Debug\CourseBid_Utils.exe" /INCREMENTAL /NOLOGO kernel32.lib user32.lib gdi32.lib winspool.lib comdlg32.lib advapi32.lib shell32.lib ole32.lib oleaut32.lib uuid.lib odbc32.lib odbccp32.lib /MANIFEST /MANIFESTUAC:"level='asInvoker' uiAccess='false'" /manifest:embed /DEBUG /PDB:"C:\GitProjects\course-bid\Shenkar_CourseBidSystem\Debug\CourseBid_Utils.pdb" /TLBID:1 /DYNAMICBASE /NXCOMPAT /IMPLIB:"C:\GitProjects\course-bid\Shenkar_CourseBidSystem\Debug\CourseBid_Utils.lib" /MACHINE:X86 Debug\Lexer.obj
         Debug\maincpp.obj
         Debug\Parser.obj
         Debug\Token.obj
         CourseBid_Utils.vcxproj -> C:\GitProjects\course-bid\Shenkar_CourseBidSystem\Debug\CourseBid_Utils.exe
     1>Done Building Project "C:\GitProjects\course-bid\Shenkar_CourseBidSystem\CourseBid_Utils\CourseBid_Utils.vcxproj" (Build target(s)).

Build succeeded.

Time Elapsed 00:00:03.93
