c:\gitprojects\course-bid\shenkar_coursebidsystem\coursebid_secretaryterminal\debug\vc120.pdb
c:\gitprojects\course-bid\shenkar_coursebidsystem\coursebid_secretaryterminal\debug\vc120.idb
c:\gitprojects\course-bid\shenkar_coursebidsystem\coursebid_secretaryterminal\debug\filestorage.obj
c:\gitprojects\course-bid\shenkar_coursebidsystem\coursebid_secretaryterminal\debug\eventlog.obj
c:\gitprojects\course-bid\shenkar_coursebidsystem\coursebid_secretaryterminal\debug\circledetection.obj
c:\gitprojects\course-bid\shenkar_coursebidsystem\coursebid_secretaryterminal\debug\courseaddnewscreen.obj
c:\gitprojects\course-bid\shenkar_coursebidsystem\coursebid_secretaryterminal\debug\courseaddprerequisitescreen.obj
c:\gitprojects\course-bid\shenkar_coursebidsystem\coursebid_secretaryterminal\debug\courseeditscreen.obj
c:\gitprojects\course-bid\shenkar_coursebidsystem\coursebid_secretaryterminal\debug\courseremoveprerequisitescreen.obj
c:\gitprojects\course-bid\shenkar_coursebidsystem\coursebid_secretaryterminal\debug\maincpp.obj
c:\gitprojects\course-bid\shenkar_coursebidsystem\coursebid_secretaryterminal\debug\releaseterminalscreen.obj
c:\gitprojects\course-bid\shenkar_coursebidsystem\coursebid_secretaryterminal\debug\secretarymainscreen.obj
c:\gitprojects\course-bid\shenkar_coursebidsystem\coursebid_secretaryterminal\debug\secretaryterminal.obj
c:\gitprojects\course-bid\shenkar_coursebidsystem\coursebid_secretaryterminal\debug\setexpressionscreen.obj
c:\gitprojects\course-bid\shenkar_coursebidsystem\coursebid_secretaryterminal\debug\setregistrationstartdatescreen.obj
c:\gitprojects\course-bid\shenkar_coursebidsystem\coursebid_secretaryterminal\debug\studentaddcompletedscreen.obj
c:\gitprojects\course-bid\shenkar_coursebidsystem\coursebid_secretaryterminal\debug\studentaddnewscreen.obj
c:\gitprojects\course-bid\shenkar_coursebidsystem\coursebid_secretaryterminal\debug\studenteditscreen.obj
c:\gitprojects\course-bid\shenkar_coursebidsystem\coursebid_secretaryterminal\debug\studentremovecompletedscreen.obj
c:\gitprojects\course-bid\shenkar_coursebidsystem\coursebid_secretaryterminal\debug\studentresetpassscreen.obj
c:\gitprojects\course-bid\shenkar_coursebidsystem\coursebid_secretaryterminal\debug\studentunlockscreen.obj
c:\gitprojects\course-bid\shenkar_coursebidsystem\coursebid_secretaryterminal\debug\verifydependencies.obj
c:\gitprojects\course-bid\shenkar_coursebidsystem\coursebid_secretaryterminal\debug\course.obj
c:\gitprojects\course-bid\shenkar_coursebidsystem\coursebid_secretaryterminal\debug\courseeventlog.obj
c:\gitprojects\course-bid\shenkar_coursebidsystem\coursebid_secretaryterminal\debug\student.obj
c:\gitprojects\course-bid\shenkar_coursebidsystem\coursebid_secretaryterminal\debug\studenteventlog.obj
c:\gitprojects\course-bid\shenkar_coursebidsystem\coursebid_secretaryterminal\debug\user.obj
c:\gitprojects\course-bid\shenkar_coursebidsystem\coursebid_secretaryterminal\debug\dbeventlog.obj
c:\gitprojects\course-bid\shenkar_coursebidsystem\\build\coursebid_secretaryterminal.pdb
c:\gitprojects\course-bid\shenkar_coursebidsystem\coursebid_secretaryterminal\debug\coursebi.994e201a.tlog\cl.command.1.tlog
c:\gitprojects\course-bid\shenkar_coursebidsystem\coursebid_secretaryterminal\debug\coursebi.994e201a.tlog\cl.read.1.tlog
c:\gitprojects\course-bid\shenkar_coursebidsystem\coursebid_secretaryterminal\debug\coursebi.994e201a.tlog\cl.write.1.tlog
c:\gitprojects\course-bid\shenkar_coursebidsystem\coursebid_secretaryterminal\debug\coursebi.994e201a.tlog\link.3948-cvtres.read.1.tlog
c:\gitprojects\course-bid\shenkar_coursebidsystem\coursebid_secretaryterminal\debug\coursebi.994e201a.tlog\link.3948-cvtres.write.1.tlog
c:\gitprojects\course-bid\shenkar_coursebidsystem\coursebid_secretaryterminal\debug\coursebi.994e201a.tlog\link.3948-rc.read.1.tlog
c:\gitprojects\course-bid\shenkar_coursebidsystem\coursebid_secretaryterminal\debug\coursebi.994e201a.tlog\link.3948-rc.write.1.tlog
c:\gitprojects\course-bid\shenkar_coursebidsystem\coursebid_secretaryterminal\debug\coursebi.994e201a.tlog\link.3948.read.1.tlog
c:\gitprojects\course-bid\shenkar_coursebidsystem\coursebid_secretaryterminal\debug\coursebi.994e201a.tlog\link.3948.write.1.tlog
c:\gitprojects\course-bid\shenkar_coursebidsystem\coursebid_secretaryterminal\debug\coursebi.994e201a.tlog\link.command.1.tlog
c:\gitprojects\course-bid\shenkar_coursebidsystem\coursebid_secretaryterminal\debug\coursebi.994e201a.tlog\link.read.1.tlog
c:\gitprojects\course-bid\shenkar_coursebidsystem\coursebid_secretaryterminal\debug\coursebi.994e201a.tlog\link.write.1.tlog
