Build started 8/3/2015 10:25:48 PM.
     1>Project "C:\Users\gleyz_000\Documents\Visual Studio 2013\Projects\github\course-bid\Shenkar_CourseBidSystem\CourseBid_SecretaryTerminal\CourseBid_SecretaryTerminal.vcxproj" on node 5 (Rebuild target(s)).
     1>ClCompile:
         C:\Program Files (x86)\Microsoft Visual Studio 12.0\VC\bin\CL.exe /c /I"C:\Users\gleyz_000\Documents\Visual Studio 2013\Projects\github\course-bid\Shenkar_CourseBidSystem\\CourseBid_UI" /I"C:\Users\gleyz_000\Documents\Visual Studio 2013\Projects\github\course-bid\Shenkar_CourseBidSystem\\CourseBid_Common" /I"C:\Users\gleyz_000\Documents\Visual Studio 2013\Projects\github\course-bid\Shenkar_CourseBidSystem\\CourseBid_Storage" /I"C:\Users\gleyz_000\Documents\Visual Studio 2013\Projects\github\course-bid\Shenkar_CourseBidSystem\\CourseBid_Utils" /ZI /nologo /W3 /WX- /sdl /Od /Oy- /D _MBCS /Gm /EHsc /RTC1 /MDd /GS /fp:precise /Zc:wchar_t /Zc:forScope /Fo"Debug\\" /Fd"Debug\vc120.pdb" /Gd /TP /analyze- /errorReport:prompt ..\CourseBid_Common\Course.cpp ..\CourseBid_Storage\FileStorage.cpp CircleDetection.cpp CourseAddNewScreen.cpp CourseAddPrerequisiteScreen.cpp CourseEditScreen.cpp CourseRemovePrerequisiteScreen.cpp maincpp.cpp ReleaseTerminalScreen.cpp SecretaryMainScreen.cpp SecretaryTerminal.cpp SetExpressionScreen.cpp SetRegistrationStartDateScreen.cpp StudentAddCompletedScreen.cpp StudentAddNewScreen.cpp StudentEditScreen.cpp StudentRemoveCompletedScreen.cpp StudentResetPassScreen.cpp StudentUnlockScreen.cpp VerifyDependencies.cpp
         VerifyDependencies.cpp
         StudentUnlockScreen.cpp
         StudentResetPassScreen.cpp
         StudentRemoveCompletedScreen.cpp
         StudentEditScreen.cpp
         StudentAddNewScreen.cpp
         StudentAddCompletedScreen.cpp
         SetRegistrationStartDateScreen.cpp
         SetExpressionScreen.cpp
         SecretaryTerminal.cpp
         SecretaryMainScreen.cpp
         ReleaseTerminalScreen.cpp
         maincpp.cpp
         CourseRemovePrerequisiteScreen.cpp
         CourseEditScreen.cpp
         CourseAddPrerequisiteScreen.cpp
         CourseAddNewScreen.cpp
         CircleDetection.cpp
         FileStorage.cpp
         Course.cpp
         Generating Code...
       Link:
         C:\Program Files (x86)\Microsoft Visual Studio 12.0\VC\bin\link.exe /ERRORREPORT:PROMPT /OUT:"C:\Users\gleyz_000\Documents\Visual Studio 2013\Projects\github\course-bid\Shenkar_CourseBidSystem\Debug\CourseBid_SecretaryTerminal.exe" /INCREMENTAL /NOLOGO kernel32.lib user32.lib gdi32.lib winspool.lib comdlg32.lib advapi32.lib shell32.lib ole32.lib oleaut32.lib uuid.lib odbc32.lib odbccp32.lib /MANIFEST /MANIFESTUAC:"level='asInvoker' uiAccess='false'" /manifest:embed /DEBUG /PDB:"C:\Users\gleyz_000\Documents\Visual Studio 2013\Projects\github\course-bid\Shenkar_CourseBidSystem\Debug\CourseBid_SecretaryTerminal.pdb" /TLBID:1 /DYNAMICBASE /NXCOMPAT /IMPLIB:"C:\Users\gleyz_000\Documents\Visual Studio 2013\Projects\github\course-bid\Shenkar_CourseBidSystem\Debug\CourseBid_SecretaryTerminal.lib" /MACHINE:X86 Debug\Course.obj
         Debug\FileStorage.obj
         Debug\CircleDetection.obj
         Debug\CourseAddNewScreen.obj
         Debug\CourseAddPrerequisiteScreen.obj
         Debug\CourseEditScreen.obj
         Debug\CourseRemovePrerequisiteScreen.obj
         Debug\maincpp.obj
         Debug\ReleaseTerminalScreen.obj
         Debug\SecretaryMainScreen.obj
         Debug\SecretaryTerminal.obj
         Debug\SetExpressionScreen.obj
         Debug\SetRegistrationStartDateScreen.obj
         Debug\StudentAddCompletedScreen.obj
         Debug\StudentAddNewScreen.obj
         Debug\StudentEditScreen.obj
         Debug\StudentRemoveCompletedScreen.obj
         Debug\StudentResetPassScreen.obj
         Debug\StudentUnlockScreen.obj
         Debug\VerifyDependencies.obj
         CourseBid_SecretaryTerminal.vcxproj -> C:\Users\gleyz_000\Documents\Visual Studio 2013\Projects\github\course-bid\Shenkar_CourseBidSystem\Debug\CourseBid_SecretaryTerminal.exe
     1>Done Building Project "C:\Users\gleyz_000\Documents\Visual Studio 2013\Projects\github\course-bid\Shenkar_CourseBidSystem\CourseBid_SecretaryTerminal\CourseBid_SecretaryTerminal.vcxproj" (Rebuild target(s)).

Build succeeded.

Time Elapsed 00:00:26.28
